# JRE version: OpenJDK Runtime Environment (13.0+33) (build 13+33)
# Java VM: OpenJDK 64-Bit Server VM (13+33, mixed mode, sharing, tiered, compressed oops, g1 gc, windows-amd64)
Heap:
 garbage-first heap   total 160768K, used 69302K [0x0000000701200000, 0x0000000800000000)
  region size 1024K, 55 young (56320K), 3 survivors (3072K)
 Metaspace       used 44937K, capacity 45916K, committed 46208K, reserved 1089536K
  class space    used 5577K, capacity 5932K, committed 6016K, reserved 1048576K
GC Heap History (20 events):
Event: 0.538 GC heap before
{Heap before GC invocations=0 (full 0):
 garbage-first heap   total 262144K, used 23552K [0x0000000701200000, 0x0000000800000000)
  region size 1024K, 24 young (24576K), 0 survivors (0K)
 Metaspace       used 2704K, capacity 5563K, committed 5760K, reserved 1056768K
  class space    used 263K, capacity 555K, committed 640K, reserved 1048576K
}
Event: 0.542 GC heap after
{Heap after GC invocations=1 (full 0):
 garbage-first heap   total 262144K, used 2739K [0x0000000701200000, 0x0000000800000000)
  region size 1024K, 3 young (3072K), 3 survivors (3072K)
 Metaspace       used 2704K, capacity 5563K, committed 5760K, reserved 1056768K
  class space    used 263K, capacity 555K, committed 640K, reserved 1048576K
}
Event: 1.478 GC heap before
{Heap before GC invocations=1 (full 0):
 garbage-first heap   total 262144K, used 156339K [0x0000000701200000, 0x0000000800000000)
  region size 1024K, 153 young (156672K), 3 survivors (3072K)
 Metaspace       used 14988K, capacity 15406K, committed 15616K, reserved 1062912K
  class space    used 1846K, capacity 2034K, committed 2048K, reserved 1048576K
}
Event: 1.485 GC heap after
{Heap after GC invocations=2 (full 0):
 garbage-first heap   total 262144K, used 6030K [0x0000000701200000, 0x0000000800000000)
  region size 1024K, 6 young (6144K), 6 survivors (6144K)
 Metaspace       used 14988K, capacity 15406K, committed 15616K, reserved 1062912K
  class space    used 1846K, capacity 2034K, committed 2048K, reserved 1048576K
}
Event: 2.278 GC heap before
{Heap before GC invocations=2 (full 0):
 garbage-first heap   total 262144K, used 112526K [0x0000000701200000, 0x0000000800000000)
  region size 1024K, 111 young (113664K), 6 survivors (6144K)
 Metaspace       used 20647K, capacity 21193K, committed 21248K, reserved 1067008K
  class space    used 2592K, capacity 2805K, committed 2816K, reserved 1048576K
}
Event: 2.298 GC heap after
{Heap after GC invocations=3 (full 0):
 garbage-first heap   total 262144K, used 9151K [0x0000000701200000, 0x0000000800000000)
  region size 1024K, 9 young (9216K), 9 survivors (9216K)
 Metaspace       used 20647K, capacity 21193K, committed 21248K, reserved 1067008K
  class space    used 2592K, capacity 2805K, committed 2816K, reserved 1048576K
}
Event: 2.672 GC heap before
{Heap before GC invocations=4 (full 0):
 garbage-first heap   total 34816K, used 34751K [0x0000000701200000, 0x0000000800000000)
  region size 1024K, 34 young (34816K), 9 survivors (9216K)
 Metaspace       used 22323K, capacity 22964K, committed 23040K, reserved 1069056K
  class space    used 2783K, capacity 3007K, committed 3072K, reserved 1048576K
}
Event: 2.684 GC heap after
{Heap after GC invocations=5 (full 0):
 garbage-first heap   total 45056K, used 10240K [0x0000000701200000, 0x0000000800000000)
  region size 1024K, 10 young (10240K), 10 survivors (10240K)
 Metaspace       used 22323K, capacity 22964K, committed 23040K, reserved 1069056K
  class space    used 2783K, capacity 3007K, committed 3072K, reserved 1048576K
}
Event: 3.022 GC heap before
{Heap before GC invocations=5 (full 0):
 garbage-first heap   total 45056K, used 26624K [0x0000000701200000, 0x0000000800000000)
  region size 1024K, 26 young (26624K), 10 survivors (10240K)
 Metaspace       used 23508K, capacity 24195K, committed 24320K, reserved 1071104K
  class space    used 2962K, capacity 3205K, committed 3328K, reserved 1048576K
}
Event: 3.037 GC heap after
{Heap after GC invocations=6 (full 0):
 garbage-first heap   total 153600K, used 11118K [0x0000000701200000, 0x0000000800000000)
  region size 1024K, 3 young (3072K), 3 survivors (3072K)
 Metaspace       used 23508K, capacity 24195K, committed 24320K, reserved 1071104K
  class space    used 2962K, capacity 3205K, committed 3328K, reserved 1048576K
}
Event: 4.076 GC heap before
{Heap before GC invocations=6 (full 0):
 garbage-first heap   total 153600K, used 96110K [0x0000000701200000, 0x0000000800000000)
  region size 1024K, 87 young (89088K), 3 survivors (3072K)
 Metaspace       used 34087K, capacity 34854K, committed 35072K, reserved 1079296K
  class space    used 4236K, capacity 4556K, committed 4608K, reserved 1048576K
}
Event: 4.081 GC heap after
{Heap after GC invocations=7 (full 0):
 garbage-first heap   total 153600K, used 13556K [0x0000000701200000, 0x0000000800000000)
  region size 1024K, 5 young (5120K), 5 survivors (5120K)
 Metaspace       used 34087K, capacity 34854K, committed 35072K, reserved 1079296K
  class space    used 4236K, capacity 4556K, committed 4608K, reserved 1048576K
}
Event: 4.127 GC heap before
{Heap before GC invocations=7 (full 0):
 garbage-first heap   total 153600K, used 20724K [0x0000000701200000, 0x0000000800000000)
  region size 1024K, 13 young (13312K), 5 survivors (5120K)
 Metaspace       used 34999K, capacity 35777K, committed 35840K, reserved 1081344K
  class space    used 4362K, capacity 4694K, committed 4736K, reserved 1048576K
}
Event: 4.137 GC heap after
{Heap after GC invocations=8 (full 0):
 garbage-first heap   total 153600K, used 13527K [0x0000000701200000, 0x0000000800000000)
  region size 1024K, 5 young (5120K), 5 survivors (5120K)
 Metaspace       used 34999K, capacity 35777K, committed 35840K, reserved 1081344K
  class space    used 4362K, capacity 4694K, committed 4736K, reserved 1048576K
}
Event: 4.545 GC heap before
{Heap before GC invocations=9 (full 0):
 garbage-first heap   total 58368K, used 43223K [0x0000000701200000, 0x0000000800000000)
  region size 1024K, 34 young (34816K), 5 survivors (5120K)
 Metaspace       used 37497K, capacity 38272K, committed 38528K, reserved 1083392K
  class space    used 4673K, capacity 4972K, committed 4992K, reserved 1048576K
}
Event: 4.554 GC heap after
{Heap after GC invocations=10 (full 0):
 garbage-first heap   total 58368K, used 15602K [0x0000000701200000, 0x0000000800000000)
  region size 1024K, 3 young (3072K), 3 survivors (3072K)
 Metaspace       used 37497K, capacity 38272K, committed 38528K, reserved 1083392K
  class space    used 4673K, capacity 4972K, committed 4992K, reserved 1048576K
}
Event: 4.763 GC heap before
{Heap before GC invocations=10 (full 0):
 garbage-first heap   total 58368K, used 39154K [0x0000000701200000, 0x0000000800000000)
  region size 1024K, 26 young (26624K), 3 survivors (3072K)
 Metaspace       used 38741K, capacity 39561K, committed 39808K, reserved 1083392K
  class space    used 4831K, capacity 5143K, committed 5248K, reserved 1048576K
}
Event: 4.770 GC heap after
{Heap after GC invocations=11 (full 0):
 garbage-first heap   total 58368K, used 16750K [0x0000000701200000, 0x0000000800000000)
  region size 1024K, 3 young (3072K), 3 survivors (3072K)
 Metaspace       used 38741K, capacity 39561K, committed 39808K, reserved 1083392K
  class space    used 4831K, capacity 5143K, committed 5248K, reserved 1048576K
}
Event: 5.191 GC heap before
{Heap before GC invocations=11 (full 0):
 garbage-first heap   total 58368K, used 41326K [0x0000000701200000, 0x0000000800000000)
  region size 1024K, 27 young (27648K), 3 survivors (3072K)
 Metaspace       used 40910K, capacity 41806K, committed 41856K, reserved 1085440K
  class space    used 5083K, capacity 5462K, committed 5504K, reserved 1048576K
}
Event: 5.196 GC heap after
{Heap after GC invocations=12 (full 0):
 garbage-first heap   total 160768K, used 18102K [0x0000000701200000, 0x0000000800000000)
  region size 1024K, 3 young (3072K), 3 survivors (3072K)
 Metaspace       used 40910K, capacity 41806K, committed 41856K, reserved 1085440K
  class space    used 5083K, capacity 5462K, committed 5504K, reserved 1048576K
}

